#
# There is insufficient memory for the Java Runtime Environment to continue.
# Native memory allocation (malloc) failed to allocate 1048576 bytes for AllocateHeap
# Possible reasons:
#   The system is out of physical RAM or swap space
#   The process is running with CompressedOops enabled, and the Java Heap may be blocking the growth of the native heap
# Possible solutions:
#   Reduce memory load on the system
#   Increase physical memory or swap space
#   Check if swap backing store is full
#   Decrease Java heap size (-Xmx/-Xms)
#   Decrease number of Java threads
#   Decrease Java thread stack sizes (-Xss)
#   Set larger code cache with -XX:ReservedCodeCacheSize=
#   JVM is running with Unscaled Compressed Oops mode in which the Java heap is
#     placed in the first 4GB address space. The Java Heap base address is the
#     maximum limit for the native heap growth. Please use -XX:HeapBaseMinAddress
#     to set the Java Heap base and to place the Java Heap above 4GB virtual address.
# This output file may be truncated or incomplete.
#
#  Out of Memory Error (allocation.cpp:44), pid=6696, tid=4912
#
# JRE version:  (17.0.3+7) (build )
# Java VM: OpenJDK 64-Bit Server VM (17.0.3+7, mixed mode, emulated-client, sharing, tiered, compressed oops, compressed class ptrs, g1 gc, windows-amd64)
# No core dump will be written. Minidumps are not enabled by default on client versions of Windows
#

---------------  S U M M A R Y ------------

Command Line: -Dcom.sun.management.jmxremote -Dcom.sun.management.jmxremote.port=63318 -Dcom.sun.management.jmxremote.authenticate=false -Dcom.sun.management.jmxremote.ssl=false -Djava.rmi.server.hostname=localhost -Dspring.jmx.enabled=true -Dmanagement.endpoints.jmx.exposure.include=* -Dspring.application.admin.enabled=true -XX:TieredStopAtLevel=1 -Dspring.boot.project.name=springboot-mongodb-noapi -Dfile.encoding=UTF-8 -XX:+ShowCodeDetailsInExceptionMessages com.employee.demo.SpringbootMongodbNoapiApplication --spring.output.ansi.enabled=always

Host: Intel(R) Core(TM) i7-2670QM CPU @ 2.20GHz, 8 cores, 7G,  Windows 10 , 64 bit Build 19041 (10.0.19041.2364)
Time: Fri Jan  6 15:41:06 2023 India Standard Time elapsed time: 0.041343 seconds (0d 0h 0m 0s)

---------------  T H R E A D  ---------------

Current thread (0x000001998c852d40):  JavaThread "Unknown thread" [_thread_in_vm, id=4912, stack(0x0000003697700000,0x0000003697800000)]

Stack: [0x0000003697700000,0x0000003697800000]
Native frames: (J=compiled Java code, j=interpreted, Vv=VM code, C=native code)
V  [jvm.dll+0x675efa]
V  [jvm.dll+0x830a24]
V  [jvm.dll+0x8321ce]
V  [jvm.dll+0x832833]
V  [jvm.dll+0x2454b5]
V  [jvm.dll+0xa6393]
V  [jvm.dll+0x2e4327]
V  [jvm.dll+0x2dc18b]
V  [jvm.dll+0x802651]
V  [jvm.dll+0x3693b1]
V  [jvm.dll+0x7e1aac]
V  [jvm.dll+0x3ebd8f]
V  [jvm.dll+0x3ed911]
C  [jli.dll+0x5277]
C  [ucrtbase.dll+0x21bb2]
C  [KERNEL32.DLL+0x17614]
C  [ntdll.dll+0x526a1]


---------------  P R O C E S S  ---------------

Threads class SMR info:
_java_thread_list=0x00007ffbe19f6e98, length=0, elements={
}

Java Threads: ( => current thread )

Other Threads:
  0x000001998c8c0130 GCTaskThread "GC Thread#0" [stack: 0x0000003697800000,0x0000003697900000] [id=1204]

[error occurred during error reporting (printing all threads), id 0xc0000005, EXCEPTION_ACCESS_VIOLATION (0xc0000005) at pc=0x00007ffbe11c92b0]

VM state: not at safepoint (not fully initialized)

VM Mutex/Monitor currently owned by a thread:  ([mutex/lock_event])
[0x000001998c84a100] Heap_lock - owner thread: 0x000001998c852d40

Heap address: 0x0000000081400000, size: 2028 MB, Compressed Oops mode: 32-bit

CDS archive(s) mapped at: [0x0000000000000000-0x0000000000000000-0x0000000000000000), size 0, SharedBaseAddress: 0x0000000800000000, ArchiveRelocationMode: 0.
Narrow klass base: 0x0000000000000000, Narrow klass shift: 0, Narrow klass range: 0x0

GC Precious Log:
<Empty>

Heap:
 garbage-first heap   total 0K, used 0K [0x0000000081400000, 0x0000000100000000)
  region size 1024K, 0 young (0K), 0 survivors (0K)

[error occurred during error reporting (printing heap information), id 0xc0000005, EXCEPTION_ACCESS_VIOLATION (0xc0000005) at pc=0x00007ffbe15af249]

GC Heap History (0 events):
No events

Deoptimization events (0 events):
No events

Classes unloaded (0 events):
No events

Classes redefined (0 events):
No events

Internal exceptions (0 events):
No events

VM Operations (0 events):
No events

Events (1 events):
Event: 0.020 Loaded shared library C:\Users\RISHAB\.p2\pool\plugins\org.eclipse.justj.openjdk.hotspot.jre.full.win32.x86_64_17.0.3.v20220515-1416\jre\bin\java.dll


Dynamic libraries:
0x00007ff6144e0000 - 0x00007ff6144ee000 	C:\Users\RISHAB\.p2\pool\plugins\org.eclipse.justj.openjdk.hotspot.jre.full.win32.x86_64_17.0.3.v20220515-1416\jre\bin\javaw.exe
0x00007ffc25f30000 - 0x00007ffc26128000 	C:\Windows\SYSTEM32\ntdll.dll
0x00007ffc242d0000 - 0x00007ffc2438f000 	C:\Windows\System32\KERNEL32.DLL
0x00007ffc23620000 - 0x00007ffc238f2000 	C:\Windows\System32\KERNELBASE.dll
0x00007ffc20d90000 - 0x00007ffc20e21000 	C:\Windows\SYSTEM32\apphelp.dll
0x00007ffc1b3f0000 - 0x00007ffc1b884000 	C:\Windows\SYSTEM32\AcLayers.DLL
0x00007ffc25940000 - 0x00007ffc259de000 	C:\Windows\System32\msvcrt.dll
0x00007ffc25010000 - 0x00007ffc251b1000 	C:\Windows\System32\USER32.dll
0x00007ffc23900000 - 0x00007ffc23922000 	C:\Windows\System32\win32u.dll
0x00007ffc25560000 - 0x00007ffc2558b000 	C:\Windows\System32\GDI32.dll
0x00007ffc23af0000 - 0x00007ffc23bff000 	C:\Windows\System32\gdi32full.dll
0x00007ffc23d40000 - 0x00007ffc23ddd000 	C:\Windows\System32\msvcp_win.dll
0x00007ffc23930000 - 0x00007ffc23a30000 	C:\Windows\System32\ucrtbase.dll
0x00007ffc25270000 - 0x00007ffc252c5000 	C:\Windows\System32\SHLWAPI.dll
0x00007ffc25760000 - 0x00007ffc2580e000 	C:\Windows\System32\ADVAPI32.dll
0x00007ffc251d0000 - 0x00007ffc2526c000 	C:\Windows\System32\sechost.dll
0x00007ffc25810000 - 0x00007ffc25935000 	C:\Windows\System32\RPCRT4.dll
0x0000019987480000 - 0x0000019987483000 	C:\Windows\SYSTEM32\sfc.dll
0x00007ffc13d00000 - 0x00007ffc13d98000 	C:\Windows\SYSTEM32\WINSPOOL.DRV
0x00007ffc02b20000 - 0x00007ffc02b32000 	C:\Windows\SYSTEM32\sfc_os.DLL
0x00007ffc1e6e0000 - 0x00007ffc1e6f1000 	C:\Windows\SYSTEM32\SortWindows61.dll
0x00007ffc25330000 - 0x00007ffc25362000 	C:\Windows\System32\IMM32.DLL
0x00007ffc23430000 - 0x00007ffc23466000 	C:\Windows\system32\DriverStore\FileRepository\nvlti.inf_amd64_83a389b28f4c421e\nvinitx.dll
0x00007ffc23420000 - 0x00007ffc2342a000 	C:\Windows\SYSTEM32\VERSION.dll
0x00007ffc243a0000 - 0x00007ffc24ae4000 	C:\Windows\System32\Shell32.dll
0x00007ffc21650000 - 0x00007ffc21de2000 	C:\Windows\SYSTEM32\windows.storage.dll
0x00007ffc23f70000 - 0x00007ffc242c5000 	C:\Windows\System32\combase.dll
0x00007ffc22e70000 - 0x00007ffc22ea0000 	C:\Windows\SYSTEM32\Wldp.dll
0x00007ffc25370000 - 0x00007ffc2541d000 	C:\Windows\System32\SHCORE.dll
0x0000000074320000 - 0x0000000074326000 	C:\Program Files\NVIDIA Corporation\CoProcManager\_etoured.dll
0x00007ffc10dd0000 - 0x00007ffc10e13000 	C:\Program Files\NVIDIA Corporation\CoProcManager\nvd3d9wrapx.dll
0x00007ffc24ba0000 - 0x00007ffc25008000 	C:\Windows\System32\SETUPAPI.dll
0x00007ffc23a30000 - 0x00007ffc23a7e000 	C:\Windows\System32\cfgmgr32.dll
0x00007ffc23de0000 - 0x00007ffc23e07000 	C:\Windows\System32\bcrypt.dll
0x00007ffc10c10000 - 0x00007ffc10c3d000 	C:\Program Files\NVIDIA Corporation\CoProcManager\nvdxgiwrapx.dll
0x00007ffc207d0000 - 0x00007ffc207e8000 	C:\Users\RISHAB\.p2\pool\plugins\org.eclipse.justj.openjdk.hotspot.jre.full.win32.x86_64_17.0.3.v20220515-1416\jre\bin\jli.dll
0x00007ffc1e060000 - 0x00007ffc1e079000 	C:\Users\RISHAB\.p2\pool\plugins\org.eclipse.justj.openjdk.hotspot.jre.full.win32.x86_64_17.0.3.v20220515-1416\jre\bin\VCRUNTIME140.dll
0x00007ffc0dc60000 - 0x00007ffc0defa000 	C:\Windows\WinSxS\amd64_microsoft.windows.common-controls_6595b64144ccf1df_6.0.19041.1110_none_60b5254171f9507e\COMCTL32.dll
0x00007ffc20720000 - 0x00007ffc2072c000 	C:\Users\RISHAB\.p2\pool\plugins\org.eclipse.justj.openjdk.hotspot.jre.full.win32.x86_64_17.0.3.v20220515-1416\jre\bin\vcruntime140_1.dll
0x00007ffc1b350000 - 0x00007ffc1b3e1000 	C:\Users\RISHAB\.p2\pool\plugins\org.eclipse.justj.openjdk.hotspot.jre.full.win32.x86_64_17.0.3.v20220515-1416\jre\bin\msvcp140.dll
0x00007ffbe0ee0000 - 0x00007ffbe1b28000 	C:\Users\RISHAB\.p2\pool\plugins\org.eclipse.justj.openjdk.hotspot.jre.full.win32.x86_64_17.0.3.v20220515-1416\jre\bin\server\jvm.dll
0x00007ffc25550000 - 0x00007ffc25558000 	C:\Windows\System32\PSAPI.DLL
0x00007ffc12260000 - 0x00007ffc12269000 	C:\Windows\SYSTEM32\WSOCK32.dll
0x00007ffc25d10000 - 0x00007ffc25d7b000 	C:\Windows\System32\WS2_32.dll
0x00007ffc132c0000 - 0x00007ffc132e7000 	C:\Windows\SYSTEM32\WINMM.dll
0x00007ffc21450000 - 0x00007ffc21462000 	C:\Windows\SYSTEM32\kernel.appcore.dll
0x00007ffc1e050000 - 0x00007ffc1e05a000 	C:\Users\RISHAB\.p2\pool\plugins\org.eclipse.justj.openjdk.hotspot.jre.full.win32.x86_64_17.0.3.v20220515-1416\jre\bin\jimage.dll
0x00007ffc12f50000 - 0x00007ffc13134000 	C:\Windows\SYSTEM32\DBGHELP.DLL
0x00007ffc125f0000 - 0x00007ffc12625000 	C:\Windows\SYSTEM32\dbgcore.DLL
0x00007ffc23c00000 - 0x00007ffc23c82000 	C:\Windows\System32\bcryptPrimitives.dll
0x00007ffc1b320000 - 0x00007ffc1b345000 	C:\Users\RISHAB\.p2\pool\plugins\org.eclipse.justj.openjdk.hotspot.jre.full.win32.x86_64_17.0.3.v20220515-1416\jre\bin\java.dll

dbghelp: loaded successfully - version: 4.0.5 - missing functions: none
symbol engine: initialized successfully - sym options: 0x614 - pdb path: .;C:\Users\RISHAB\.p2\pool\plugins\org.eclipse.justj.openjdk.hotspot.jre.full.win32.x86_64_17.0.3.v20220515-1416\jre\bin;C:\Windows\SYSTEM32;C:\Windows\system32\DriverStore\FileRepository\nvlti.inf_amd64_83a389b28f4c421e;C:\Program Files\NVIDIA Corporation\CoProcManager;C:\Windows\WinSxS\amd64_microsoft.windows.common-controls_6595b64144ccf1df_6.0.19041.1110_none_60b5254171f9507e;C:\Users\RISHAB\.p2\pool\plugins\org.eclipse.justj.openjdk.hotspot.jre.full.win32.x86_64_17.0.3.v20220515-1416\jre\bin\server

VM Arguments:
jvm_args: -Dcom.sun.management.jmxremote -Dcom.sun.management.jmxremote.port=63318 -Dcom.sun.management.jmxremote.authenticate=false -Dcom.sun.management.jmxremote.ssl=false -Djava.rmi.server.hostname=localhost -Dspring.jmx.enabled=true -Dmanagement.endpoints.jmx.exposure.include=* -Dspring.application.admin.enabled=true -XX:TieredStopAtLevel=1 -Dspring.boot.project.name=springboot-mongodb-noapi -Dfile.encoding=UTF-8 -XX:+ShowCodeDetailsInExceptionMessages 
java_command: com.employee.demo.SpringbootMongodbNoapiApplication --spring.output.ansi.enabled=always
java_class_path (initial): C:\Users\RISHAB\eclipse-workspace\springboot-mongodb-noapi\target\classes;C:\Users\RISHAB\hamcrest-core-1.3.jar;C:\Users\RISHAB\junit-4.13.2.jar;C:\Users\RISHAB\.m2\repository\org\springframework\boot\spring-boot-starter-data-mongodb\3.0.1\spring-boot-starter-data-mongodb-3.0.1.jar;C:\Users\RISHAB\.m2\repository\org\springframework\boot\spring-boot-starter\3.0.1\spring-boot-starter-3.0.1.jar;C:\Users\RISHAB\.m2\repository\org\springframework\boot\spring-boot-starter-logging\3.0.1\spring-boot-starter-logging-3.0.1.jar;C:\Users\RISHAB\.m2\repository\ch\qos\logback\logback-classic\1.4.5\logback-classic-1.4.5.jar;C:\Users\RISHAB\.m2\repository\ch\qos\logback\logback-core\1.4.5\logback-core-1.4.5.jar;C:\Users\RISHAB\.m2\repository\org\apache\logging\log4j\log4j-to-slf4j\2.19.0\log4j-to-slf4j-2.19.0.jar;C:\Users\RISHAB\.m2\repository\org\apache\logging\log4j\log4j-api\2.19.0\log4j-api-2.19.0.jar;C:\Users\RISHAB\.m2\repository\org\slf4j\jul-to-slf4j\2.0.6\jul-to-slf4j-2.0.6.jar;C:\Users\RISHAB\.m2\repository\jakarta\annotation\jakarta.annotation-api\2.1.1\jakarta.annotation-api-2.1.1.jar;C:\Users\RISHAB\.m2\repository\org\yaml\snakeyaml\1.33\snakeyaml-1.33.jar;C:\Users\RISHAB\.m2\repository\org\mongodb\mongodb-driver-sync\4.8.1\mongodb-driver-sync-4.8.1.jar;C:\Users\RISHAB\.m2\repository\org\mongodb\bson\4.8.1\bson-4.8.1.jar;C:\Users\RISHAB\.m2\repository\org\mongodb\mongodb-driver-core\4.8.1\mongodb-driver-core-4.8.1.jar;C:\Users\RISHAB\.m2\repository\org\mongodb\bson-record-codec\4.8.1\bson-record-codec-4.8.1.jar;C:\Users\RISHAB\.m2\repository\org\springframework\data\spring-data-mongodb\4.0.0\spring-data-mongodb-4.0.0.jar;C:\Users\RISHAB\.m2\repository\org\springframework\spring-tx\6.0.3\spring-tx-6.0.3.jar;C:\Users\RISHAB\.m2\repository\org\springframework\spring-context\6.0.3\spring-context-6.0.3.jar;C:\Users\RISHAB\.m2\repository\org\springframework\spring-beans\6.0.3\spring-beans-6.0.3.jar;C:\Users\RISHAB\.m2\repository\org\springframewo
Launcher Type: SUN_STANDARD

[Global flags]
     intx CICompilerCount                          = 4                                         {product} {ergonomic}
     uint ConcGCThreads                            = 2                                         {product} {ergonomic}
     uint G1ConcRefinementThreads                  = 8                                         {product} {ergonomic}
   size_t G1HeapRegionSize                         = 1048576                                   {product} {ergonomic}
    uintx GCDrainStackTargetSize                   = 64                                        {product} {ergonomic}
   size_t InitialHeapSize                          = 134217728                                 {product} {ergonomic}
     bool ManagementServer                         = true                                      {product} {command line}
   size_t MarkStackSize                            = 4194304                                   {product} {ergonomic}
   size_t MaxHeapSize                              = 2126512128                                {product} {ergonomic}
   size_t MinHeapDeltaBytes                        = 1048576                                   {product} {ergonomic}
   size_t MinHeapSize                              = 8388608                                   {product} {ergonomic}
    uintx NonProfiledCodeHeapSize                  = 0                                      {pd product} {ergonomic}
     bool ProfileInterpreter                       = false                                  {pd product} {command line}
    uintx ProfiledCodeHeapSize                     = 0                                      {pd product} {ergonomic}
     bool ShowCodeDetailsInExceptionMessages       = true                                   {manageable} {command line}
   size_t SoftMaxHeapSize                          = 2126512128                             {manageable} {ergonomic}
     intx TieredStopAtLevel                        = 1                                         {product} {command line}
     bool UseCompressedClassPointers               = true                           {product lp64_product} {ergonomic}
     bool UseCompressedOops                        = true                           {product lp64_product} {ergonomic}
     bool UseG1GC                                  = true                                      {product} {ergonomic}
     bool UseLargePagesIndividualAllocation        = false                                  {pd product} {ergonomic}

Logging:
Log output configuration:
 #0: stdout all=warning uptime,level,tags
 #1: stderr all=off uptime,level,tags

Environment Variables:
PATH=C:/Users/RISHAB/.p2/pool/plugins/org.eclipse.justj.openjdk.hotspot.jre.full.win32.x86_64_17.0.5.v20221102-0933/jre/bin/server;C:/Users/RISHAB/.p2/pool/plugins/org.eclipse.justj.openjdk.hotspot.jre.full.win32.x86_64_17.0.5.v20221102-0933/jre/bin;C:\Program Files (x86)\Common Files\Oracle\Java\javapath;C:\Windows\system32;C:\Windows;C:\Windows\System32\Wbem;C:\Windows\System32\WindowsPowerShell\v1.0\;C:\Windows\System32\OpenSSH\;C:\Program Files\Intel\WiFi\bin\;C:\Program Files\Common Files\Intel\WirelessCommon\;C:\Program Files (x86)\NVIDIA Corporation\PhysX\Common;D:\NodeJS\;C:\Program Files\MySQL\MySQL Server 8.0\bin;C:\Program Files\MongoDB\Server\6.0\bin;;C:\Program Files\Docker\Docker\resources\bin;C:\Program Files\MySQL\MySQL Shell 8.0\bin\;C:\Users\RISHAB\AppData\Local\Programs\Python\Python311\Scripts\;C:\Users\RISHAB\AppData\Local\Programs\Python\Python311\;C:\Users\RISHAB\AppData\Local\Microsoft\WindowsApps;C:\Program Files\Intel\WiFi\bin\;C:\Program Files\Common Files\Intel\WirelessCommon\;D:\Microsoft VS Code\bin;C:\Users\RISHAB\AppData\Roaming\npm;C:\Windows\system32;
USERNAME=RISHAB
OS=Windows_NT
PROCESSOR_IDENTIFIER=Intel64 Family 6 Model 42 Stepping 7, GenuineIntel



---------------  S Y S T E M  ---------------

OS:
 Windows 10 , 64 bit Build 19041 (10.0.19041.2364)
OS uptime: 0 days 0:31 hours
Hyper-V role detected

CPU: total 8 (initial active 8) (4 cores per cpu, 2 threads per core) family 6 model 42 stepping 7 microcode 0x2f, cx8, cmov, fxsr, ht, mmx, sse, sse2, sse3, ssse3, sse4.1, sse4.2, popcnt, tsc, tscinvbit, avx, aes, clmul, vzeroupper, clflush, hv

Memory: 4k page, system-wide physical 8106M (789M free)
TotalPageFile size 9832M (AvailPageFile size 4M)
current process WorkingSet (physical memory assigned to process): 18M, peak: 18M
current process commit charge ("private bytes"): 56M, peak: 56M

vm_info: OpenJDK 64-Bit Server VM (17.0.3+7) for windows-amd64 JRE (17.0.3+7), built on Apr 19 2022 16:55:35 by "" with MS VC++ 16.7 (VS2019)

END.
